<?xml version="1.0" encoding="UTF-8"?>
<testsuite xmlns:xsi="http://www.w3.org/2001/XMLSchema-instance" xsi:noNamespaceSchemaLocation="https://maven.apache.org/surefire/maven-surefire-plugin/xsd/surefire-test-report.xsd" name="TestSuite" time="41.503" tests="24" errors="0" skipped="0" failures="0">
  <properties>
    <property name="java.specification.version" value="18"/>
    <property name="sun.cpu.isalist" value="amd64"/>
    <property name="sun.jnu.encoding" value="Cp1254"/>
    <property name="java.class.path" value="C:\Program Files\apache-maven-3.8.6\boot\plexus-classworlds-2.6.0.jar"/>
    <property name="java.vm.vendor" value="Oracle Corporation"/>
    <property name="sun.arch.data.model" value="64"/>
    <property name="user.variant" value=""/>
    <property name="java.vendor.url" value="https://java.oracle.com/"/>
    <property name="user.timezone" value="Europe/Istanbul"/>
    <property name="user.country.format" value="TR"/>
    <property name="maven.conf" value="C:\Program Files\apache-maven-3.8.6/conf"/>
    <property name="java.vm.specification.version" value="18"/>
    <property name="os.name" value="Windows 11"/>
    <property name="sun.java.launcher" value="SUN_STANDARD"/>
    <property name="user.country" value="US"/>
    <property name="sun.boot.library.path" value="C:\Program Files\Java\jdk-18.0.1.1\bin"/>
    <property name="sun.java.command" value="org.codehaus.plexus.classworlds.launcher.Launcher install"/>
    <property name="jdk.debug" value="release"/>
    <property name="maven.home" value="C:\Program Files\apache-maven-3.8.6"/>
    <property name="sun.cpu.endian" value="little"/>
    <property name="user.home" value="C:\Users\mkaga"/>
    <property name="user.language" value="en"/>
    <property name="sun.stderr.encoding" value="cp857"/>
    <property name="java.specification.vendor" value="Oracle Corporation"/>
    <property name="java.version.date" value="2022-04-22"/>
    <property name="java.home" value="C:\Program Files\Java\jdk-18.0.1.1"/>
    <property name="file.separator" value="\"/>
    <property name="java.vm.compressedOopsMode" value="Zero based"/>
    <property name="line.separator" value="&#10;"/>
    <property name="sun.stdout.encoding" value="cp857"/>
    <property name="java.vm.specification.vendor" value="Oracle Corporation"/>
    <property name="java.specification.name" value="Java Platform API Specification"/>
    <property name="user.script" value=""/>
    <property name="sun.management.compiler" value="HotSpot 64-Bit Tiered Compilers"/>
    <property name="java.runtime.version" value="18.0.1.1+2-6"/>
    <property name="user.name" value="mkaga"/>
    <property name="path.separator" value=";"/>
    <property name="os.version" value="10.0"/>
    <property name="java.runtime.name" value="Java(TM) SE Runtime Environment"/>
    <property name="file.encoding" value="UTF-8"/>
    <property name="guice.disable.misplaced.annotation.check" value="true"/>
    <property name="java.vm.name" value="Java HotSpot(TM) 64-Bit Server VM"/>
    <property name="java.vendor.url.bug" value="https://bugreport.java.com/bugreport/"/>
    <property name="java.io.tmpdir" value="C:\Users\mkaga\AppData\Local\Temp\"/>
    <property name="java.version" value="18.0.1.1"/>
    <property name="user.dir" value="C:\Users\mkaga\IdeaProjects\FinalProject"/>
    <property name="os.arch" value="amd64"/>
    <property name="maven.multiModuleProjectDirectory" value="C:\Users\mkaga\IdeaProjects\FinalProject"/>
    <property name="java.vm.specification.name" value="Java Virtual Machine Specification"/>
    <property name="user.language.format" value="tr"/>
    <property name="sun.os.patch.level" value=""/>
    <property name="native.encoding" value="Cp1254"/>
    <property name="java.library.path" value="C:\Program Files\Java\jdk-18.0.1.1\bin;C:\Windows\Sun\Java\bin;C:\Windows\system32;C:\Windows;C:\Program Files\Common Files\Oracle\Java\javapath;C:\Program Files (x86)\Common Files\Oracle\Java\javapath;C:\Windows\system32;C:\Windows;C:\Windows\System32\Wbem;C:\Windows\System32\WindowsPowerShell\v1.0\;C:\Windows\System32\OpenSSH\;C:\Program Files\dotnet\;C:\Program Files\NVIDIA Corporation\NVIDIA NvDLISR;C:\Program Files (x86)\NVIDIA Corporation\PhysX\Common;C:\Program Files\Git\cmd;C:\Program Files\Docker\Docker\resources\bin;C:\ProgramData\DockerDesktop\version-bin;C:\Program Files\Go\bin;C:\Program Files\Java\jdk-11.0.15\bin;C:\Users\mkaga\AppData\Local\Android\Sdk\build-tools;C:\Users\mkaga\AppData\Local\Android\Sdk\platforms;C:\Users\mkaga\AppData\Local\Android\Sdk\platform-tools;C:\Users\mkaga\AppData\Local\Android\Sdk\tools;C:\Users\mkaga\scoop\shims;C:\Users\mkaga\AppData\Local\Programs\Python\Python37-32\Scripts\;C:\Users\mkaga\AppData\Local\Programs\Python\Python37-32\;C:\Users\mkaga\AppData\Local\Microsoft\WindowsApps;C:\Users\mkaga\go\bin;C:\Users\mkaga\AppData\Local\Programs\Microsoft VS Code\bin;C:\Users\mkaga\AppData\Local\Programs\oh-my-posh\bin;C:\Users\mkaga\AppData\Local\Programs\Hyper\resources\bin;C:\Users\mkaga\go\bin;C:\Program Files\apache-maven-3.8.6\bin;;."/>
    <property name="java.vm.info" value="mixed mode, sharing"/>
    <property name="java.vendor" value="Oracle Corporation"/>
    <property name="java.vm.version" value="18.0.1.1+2-6"/>
    <property name="classworlds.conf" value="C:\Program Files\apache-maven-3.8.6\bin\m2.conf"/>
    <property name="sun.io.unicode.encoding" value="UnicodeLittle"/>
    <property name="library.jansi.path" value="C:\Program Files\apache-maven-3.8.6\lib\jansi-native"/>
    <property name="java.class.version" value="62.0"/>
  </properties>
  <testcase name="getAllGroceryTest" classname="ApiTests.GroceryTest" time="3.194"/>
  <testcase name="getGroceryByNameTest" classname="ApiTests.GroceryTest" time="0.911"/>
  <testcase name="addGroceryTest" classname="ApiTests.GroceryTest" time="0.47"/>
  <testcase name="getGroceryByIdTest" classname="ApiTests.GroceryTest" time="0.9"/>
  <testcase name="delGroceryTest" classname="ApiTests.GroceryTest" time="0.43"/>
  <testcase name="addPetTest" classname="ApiTests.PetStoreTest" time="0.88"/>
  <testcase name="findByStatusAvailableTest" classname="ApiTests.PetStoreTest" time="0.778"/>
  <testcase name="findByStatusPendingTest" classname="ApiTests.PetStoreTest" time="0.72"/>
  <testcase name="findByStatusSoldTest" classname="ApiTests.PetStoreTest" time="0.735"/>
  <testcase name="findPetByIdTest" classname="ApiTests.PetStoreTest" time="0.744"/>
  <testcase name="petDeleteTest" classname="ApiTests.PetStoreTest" time="0.703"/>
  <testcase name="unsuccessfulFindPetByIdTest" classname="ApiTests.PetStoreTest" time="0.731"/>
  <testcase name="unsuccessfulPetDeleteTest" classname="ApiTests.PetStoreTest" time="0.761"/>
  <testcase name="openEnuygun" classname="EnuygunTest.EnuygunFlightTest" time="1.795"/>
  <testcase name="openFlightPage" classname="EnuygunTest.EnuygunFlightTest" time="1.225"/>
  <testcase name="selectOriginPlace" classname="EnuygunTest.EnuygunFlightTest" time="0.388"/>
  <testcase name="selectDestinationPlace" classname="EnuygunTest.EnuygunFlightTest" time="0.299"/>
  <testcase name="selectIsDirect" classname="EnuygunTest.EnuygunFlightTest" time="0.084"/>
  <testcase name="selectDays" classname="EnuygunTest.EnuygunFlightTest" time="0.365"/>
  <testcase name="findFlights" classname="EnuygunTest.EnuygunFlightTest" time="4.242"/>
  <testcase name="selectOriginFlight" classname="EnuygunTest.EnuygunFlightTest" time="8.764"/>
  <testcase name="selectReturnFlight" classname="EnuygunTest.EnuygunFlightTest" time="1.311"/>
  <testcase name="selectFlights" classname="EnuygunTest.EnuygunFlightTest" time="4.667"/>
  <testcase name="getTitle" classname="EnuygunTest.EnuygunFlightTest" time="0.032"/>
</testsuite>