<?xml version="1.0" encoding="UTF-8"?>
<!-- Generated by org.testng.reporters.JUnitReportReporter -->
<testsuite hostname="MKAGAN" failures="0" tests="11" name="EnuygunTest.EnuygunFlightTest" time="23.155" errors="0" timestamp="2022-09-05T18:33:26 TRT" skipped="0">
  <testcase classname="EnuygunTest.EnuygunFlightTest" name="openEnuygun" time="1.792"/>
  <system-out/>
  <testcase classname="EnuygunTest.EnuygunFlightTest" name="openFlightPage" time="1.224"/>
  <system-out/>
  <testcase classname="EnuygunTest.EnuygunFlightTest" name="selectOriginPlace" time="0.386"/>
  <system-out/>
  <testcase classname="EnuygunTest.EnuygunFlightTest" name="selectDestinationPlace" time="0.299"/>
  <system-out/>
  <testcase classname="EnuygunTest.EnuygunFlightTest" name="selectIsDirect" time="0.083"/>
  <system-out/>
  <testcase classname="EnuygunTest.EnuygunFlightTest" name="selectDays" time="0.363"/>
  <system-out/>
  <testcase classname="EnuygunTest.EnuygunFlightTest" name="findFlights" time="4.240"/>
  <system-out/>
  <testcase classname="EnuygunTest.EnuygunFlightTest" name="selectOriginFlight" time="8.760"/>
  <system-out/>
  <testcase classname="EnuygunTest.EnuygunFlightTest" name="selectReturnFlight" time="1.310"/>
  <system-out/>
  <testcase classname="EnuygunTest.EnuygunFlightTest" name="selectFlights" time="4.667"/>
  <system-out/>
  <testcase classname="EnuygunTest.EnuygunFlightTest" name="getTitle" time="0.031"/>
  <system-out/>
</testsuite> <!-- EnuygunTest.EnuygunFlightTest -->
