<?xml version="1.0" encoding="UTF-8"?>
<!-- Generated by org.testng.reporters.JUnitReportReporter -->
<testsuite hostname="MKAGAN" failures="0" tests="8" name="ApiTests.PetStoreTest" time="6.039" errors="0" timestamp="2022-09-05T18:33:26 TRT" skipped="0">
  <testcase classname="ApiTests.PetStoreTest" name="addPetTest" time="0.878"/>
  <system-out/>
  <testcase classname="ApiTests.PetStoreTest" name="findByStatusAvailableTest" time="0.777"/>
  <system-out/>
  <testcase classname="ApiTests.PetStoreTest" name="findByStatusPendingTest" time="0.715"/>
  <system-out/>
  <testcase classname="ApiTests.PetStoreTest" name="findByStatusSoldTest" time="0.736"/>
  <system-out/>
  <testcase classname="ApiTests.PetStoreTest" name="findPetByIdTest" time="0.742"/>
  <system-out/>
  <testcase classname="ApiTests.PetStoreTest" name="petDeleteTest" time="0.703"/>
  <system-out/>
  <testcase classname="ApiTests.PetStoreTest" name="unsuccessfulFindPetByIdTest" time="0.729"/>
  <system-out/>
  <testcase classname="ApiTests.PetStoreTest" name="unsuccessfulPetDeleteTest" time="0.759"/>
  <system-out/>
</testsuite> <!-- ApiTests.PetStoreTest -->
