<?xml version="1.0" encoding="UTF-8"?>
<!-- Generated by org.testng.reporters.JUnitReportReporter -->
<testsuite hostname="MKAGAN" failures="0" tests="5" name="ApiTests.GroceryTest" time="5.827" errors="0" timestamp="2022-09-05T18:33:26 TRT" skipped="0">
  <testcase classname="ApiTests.GroceryTest" name="getAllGroceryTest" time="3.120"/>
  <system-out/>
  <testcase classname="ApiTests.GroceryTest" name="getGroceryByNameTest" time="0.910"/>
  <system-out/>
  <testcase classname="ApiTests.GroceryTest" name="addGroceryTest" time="0.469"/>
  <system-out/>
  <testcase classname="ApiTests.GroceryTest" name="getGroceryByIdTest" time="0.900"/>
  <system-out/>
  <testcase classname="ApiTests.GroceryTest" name="delGroceryTest" time="0.428"/>
  <system-out/>
</testsuite> <!-- ApiTests.GroceryTest -->
